SF:lib/core/errors/failures.dart
DA:4,9
DA:8,0
DA:9,0
DA:11,0
DA:12,0
DA:16,9
DA:17,0
LF:7
LH:2
end_of_record
SF:lib/features/pokemon/data/repositories/pokemon_repository_impl.dart
DA:13,1
DA:15,1
DA:19,2
DA:20,1
DA:21,1
LF:5
LH:5
end_of_record
SF:lib/features/pokemon/domain/use_cases/search_for_pokemon_by_name_use_case.dart
DA:13,1
DA:15,1
DA:17,2
LF:3
LH:3
end_of_record
SF:lib/core/errors/exceptions.dart
DA:4,4
LF:1
LH:1
end_of_record
SF:lib/features/pokemon/domain/models/pokemon/pokemon.dart
DA:12,6
DA:25,1
DA:26,1
LF:3
LH:3
end_of_record
SF:lib/features/pokemon/domain/models/pokemon/pokemon.g.dart
DA:9,2
DA:10,1
DA:11,1
DA:12,1
DA:13,1
DA:14,1
DA:15,1
DA:16,1
DA:17,1
DA:18,1
DA:19,1
DA:20,1
DA:21,1
DA:22,1
DA:23,2
DA:26,0
DA:27,0
DA:28,0
DA:29,0
DA:30,0
DA:31,0
DA:32,0
DA:33,0
DA:34,0
DA:35,0
LF:25
LH:15
end_of_record
SF:lib/features/pokemon/domain/models/pokemon_sprites/pokemon_sprites.dart
DA:8,5
DA:17,1
DA:18,1
LF:3
LH:3
end_of_record
SF:lib/features/pokemon/domain/models/pokemon_sprites/pokemon_sprites.g.dart
DA:9,1
DA:10,1
DA:11,1
DA:12,1
DA:13,1
DA:14,1
DA:17,0
DA:18,0
DA:19,0
DA:20,0
DA:21,0
DA:22,0
LF:12
LH:6
end_of_record
SF:lib/features/pokemon/data/data_sources/pokemon_remote_data_source_impl.dart
DA:13,1
DA:15,1
DA:19,3
DA:21,2
DA:22,1
DA:23,0
LF:6
LH:5
end_of_record
SF:lib/features/pokemon/domain/models/pokemon_ability/pokemon_ability.dart
DA:9,0
DA:13,0
DA:14,0
LF:3
LH:0
end_of_record
SF:lib/features/pokemon/domain/models/pokemon_ability/pokemon_ability.g.dart
DA:9,0
DA:10,0
DA:11,0
DA:14,0
DA:15,0
DA:16,0
LF:6
LH:0
end_of_record
SF:lib/features/pokemon/domain/models/pokemon_form/pokemon_form.dart
DA:9,0
DA:16,0
DA:17,0
LF:3
LH:0
end_of_record
SF:lib/features/pokemon/domain/models/pokemon_form/pokemon_form.g.dart
DA:9,0
DA:10,0
DA:11,0
DA:12,0
DA:14,0
DA:15,0
DA:18,0
DA:19,0
DA:20,0
DA:21,0
LF:10
LH:0
end_of_record
SF:lib/features/pokemon/domain/models/pokemon_move/pokemon_move.dart
DA:9,0
DA:13,0
DA:14,0
LF:3
LH:0
end_of_record
SF:lib/features/pokemon/domain/models/pokemon_move/pokemon_move.g.dart
DA:9,0
DA:10,0
DA:11,0
DA:14,0
DA:15,0
DA:16,0
LF:6
LH:0
end_of_record
SF:lib/features/pokemon/domain/models/pokemon_ability/ability.dart
DA:8,0
DA:12,0
DA:13,0
LF:3
LH:0
end_of_record
SF:lib/features/pokemon/domain/models/pokemon_ability/ability.g.dart
DA:9,0
DA:10,0
DA:13,0
DA:14,0
DA:15,0
LF:5
LH:0
end_of_record
SF:lib/features/pokemon/domain/models/pokemon_form/pokemon_form_sprites.dart
DA:8,0
DA:17,0
DA:18,0
LF:3
LH:0
end_of_record
SF:lib/features/pokemon/domain/models/pokemon_form/pokemon_form_sprites.g.dart
DA:9,0
DA:11,0
DA:12,0
DA:13,0
DA:14,0
DA:15,0
DA:18,0
DA:20,0
DA:21,0
DA:22,0
DA:23,0
DA:24,0
LF:12
LH:0
end_of_record
SF:lib/features/pokemon/domain/models/pokemon_move/move.dart
DA:8,0
DA:17,0
LF:2
LH:0
end_of_record
SF:lib/features/pokemon/domain/models/pokemon_move/move.g.dart
DA:9,0
DA:10,0
DA:11,0
DA:12,0
DA:13,0
DA:16,0
DA:17,0
DA:18,0
DA:19,0
DA:20,0
LF:10
LH:0
end_of_record
SF:lib/features/pokemon/presentation/cubits/pokemon_cubit.dart
DA:12,3
DA:14,1
DA:15,4
DA:18,3
DA:19,3
DA:22,1
DA:23,1
DA:24,4
DA:26,1
DA:27,1
DA:28,3
DA:37,1
DA:38,4
DA:40,2
DA:42,2
DA:44,1
DA:45,3
DA:46,3
DA:47,1
DA:49,1
DA:50,1
DA:53,1
DA:54,1
DA:57,4
DA:60,1
DA:61,3
DA:64,3
DA:66,3
DA:69,4
LF:29
LH:29
end_of_record
SF:lib/features/pokemon/presentation/cubits/pokemon_state.dart
DA:15,5
DA:24,1
DA:27,0
DA:29,0
DA:30,0
DA:32,0
DA:34,0
LF:7
LH:2
end_of_record
SF:lib/services/injection_container/injection_container.dart
DA:5,3
DA:7,0
DA:11,0
LF:3
LH:1
end_of_record
SF:lib/services/injection_container/injection_container.config.dart
DA:29,0
DA:34,0
DA:39,0
DA:40,0
DA:41,0
DA:42,0
DA:43,0
DA:44,0
DA:45,0
DA:46,0
LF:10
LH:0
end_of_record
SF:lib/services/network_service/network_service_impl.dart
DA:10,0
DA:11,0
DA:14,0
DA:19,0
DA:24,0
DA:25,0
DA:26,0
LF:7
LH:0
end_of_record
